[debug] [2021-02-21T02:47:55.683Z] ----------------------------------------------------------------------
[debug] [2021-02-21T02:47:55.684Z] Command:       /usr/local/bin/node /usr/local/bin/firebase projects:list
[debug] [2021-02-21T02:47:55.684Z] CLI Version:   9.2.1
[debug] [2021-02-21T02:47:55.685Z] Platform:      darwin
[debug] [2021-02-21T02:47:55.685Z] Node Version:  v12.16.2
[debug] [2021-02-21T02:47:55.685Z] Time:          Sun Feb 21 2021 09:47:55 GMT+0700 (Indochina Time)
[debug] [2021-02-21T02:47:55.685Z] ----------------------------------------------------------------------
[debug] [2021-02-21T02:47:55.685Z] 
[debug] [2021-02-21T02:47:55.690Z] > command requires scopes: ["email","openid","https://www.googleapis.com/auth/cloudplatformprojects.readonly","https://www.googleapis.com/auth/firebase","https://www.googleapis.com/auth/cloud-platform"]
[debug] [2021-02-21T02:47:55.690Z] > authorizing via signed-in user
[debug] [2021-02-21T02:47:55.693Z] > refreshing access token with scopes: []
[debug] [2021-02-21T02:47:55.694Z] >>> HTTP REQUEST POST https://www.googleapis.com/oauth2/v3/token  
 <request body omitted>
[debug] [2021-02-21T02:47:56.037Z] <<< HTTP RESPONSE 200 {"cache-control":"no-cache, no-store, max-age=0, must-revalidate","pragma":"no-cache","date":"Sun, 21 Feb 2021 02:47:56 GMT","expires":"Mon, 01 Jan 1990 00:00:00 GMT","content-type":"application/json; charset=utf-8","vary":"X-Origin, Referer, Origin,Accept-Encoding","server":"scaffolding on HTTPServer2","x-xss-protection":"0","x-frame-options":"SAMEORIGIN","x-content-type-options":"nosniff","alt-svc":"h3-29=\":443\"; ma=2592000,h3-T051=\":443\"; ma=2592000,h3-Q050=\":443\"; ma=2592000,h3-Q046=\":443\"; ma=2592000,h3-Q043=\":443\"; ma=2592000,quic=\":443\"; ma=2592000; v=\"46,43\"","accept-ranges":"none","transfer-encoding":"chunked"}
[debug] [2021-02-21T02:47:56.067Z] >>> [apiv2][query] GET https://firebase.googleapis.com/v1beta1/projects pageSize=1000
[debug] [2021-02-21T02:47:56.795Z] <<< [apiv2][status] GET https://firebase.googleapis.com/v1beta1/projects 200
[debug] [2021-02-21T02:47:56.796Z] <<< [apiv2][body] GET https://firebase.googleapis.com/v1beta1/projects [omitted]
[info] ┌──────────────────────┬────────────────────────────┬────────────────┬──────────────────────┐
│ Project Display Name │ Project ID                 │ Project Number │ Resource Location ID │
├──────────────────────┼────────────────────────────┼────────────────┼──────────────────────┤
│ laos                 │ laos-2dc28                 │ 1020141561613  │ [Not specified]      │
├──────────────────────┼────────────────────────────┼────────────────┼──────────────────────┤
│ nangfa               │ nangfa-47eb9               │ 1062618851103  │ asia-southeast2      │
├──────────────────────┼────────────────────────────┼────────────────┼──────────────────────┤
│ Nangfatravel         │ nangfatravel-1486099402149 │ 538359598216   │ asia-southeast2      │
├──────────────────────┼────────────────────────────┼────────────────┼──────────────────────┤
│ Visa-Nangfa-Agent    │ visa-nangfa-agent-gugxhc   │ 529316282498   │ asia-northeast1      │
└──────────────────────┴────────────────────────────┴────────────────┴──────────────────────┘
[info] 
[info] 4 project(s) total.
[debug] [2021-02-21T02:48:58.636Z] Error: write EIO
    at afterWriteDispatched (internal/stream_base_commons.js:154:25)
    at writeGeneric (internal/stream_base_commons.js:145:3)
    at WriteStream.Socket._writeGeneric (net.js:784:11)
    at WriteStream.Socket._write (net.js:796:8)
    at doWrite (_stream_writable.js:442:12)
    at writeOrBuffer (_stream_writable.js:426:5)
    at WriteStream.Writable.write (_stream_writable.js:317:11)
    at EventEmitter.signalExit.alwaysLast (/usr/local/lib/node_modules/firebase-tools/node_modules/restore-cursor/index.js:7:18)
    at EventEmitter.emit (events.js:310:20)
    at EventEmitter.emit (domain.js:482:12)
    at emit (/usr/local/lib/node_modules/firebase-tools/node_modules/signal-exit/index.js:78:11)
    at process.listener (/usr/local/lib/node_modules/firebase-tools/node_modules/signal-exit/index.js:94:7)
    at process.emit (events.js:310:20)
[debug] [2021-02-21T03:50:31.700Z] ----------------------------------------------------------------------
[debug] [2021-02-21T03:50:31.701Z] Command:       /usr/local/bin/node /usr/local/bin/firebase deploy --only hosting --project nangfatravel-1486099402149
[debug] [2021-02-21T03:50:31.701Z] CLI Version:   9.2.1
[debug] [2021-02-21T03:50:31.701Z] Platform:      darwin
[debug] [2021-02-21T03:50:31.701Z] Node Version:  v12.16.2
[debug] [2021-02-21T03:50:31.702Z] Time:          Sun Feb 21 2021 10:50:31 GMT+0700 (Indochina Time)
[debug] [2021-02-21T03:50:31.702Z] ----------------------------------------------------------------------
[debug] [2021-02-21T03:50:31.703Z] 
[debug] [2021-02-21T03:50:31.708Z] > command requires scopes: ["email","openid","https://www.googleapis.com/auth/cloudplatformprojects.readonly","https://www.googleapis.com/auth/firebase","https://www.googleapis.com/auth/cloud-platform"]
[debug] [2021-02-21T03:50:31.708Z] > authorizing via signed-in user
[debug] [2021-02-21T03:50:31.708Z] [iam] checking project nangfatravel-1486099402149 for permissions ["firebase.projects.get","firebasehosting.sites.update"]
[debug] [2021-02-21T03:50:31.710Z] > refreshing access token with scopes: ["email","https://www.googleapis.com/auth/cloud-platform","https://www.googleapis.com/auth/cloudplatformprojects.readonly","https://www.googleapis.com/auth/firebase","openid"]
[debug] [2021-02-21T03:50:31.710Z] >>> HTTP REQUEST POST https://www.googleapis.com/oauth2/v3/token  
 <request body omitted>
[debug] [2021-02-21T03:50:31.948Z] <<< HTTP RESPONSE 200 {"pragma":"no-cache","cache-control":"no-cache, no-store, max-age=0, must-revalidate","date":"Sun, 21 Feb 2021 03:50:32 GMT","expires":"Mon, 01 Jan 1990 00:00:00 GMT","content-type":"application/json; charset=utf-8","vary":"X-Origin, Referer, Origin,Accept-Encoding","server":"scaffolding on HTTPServer2","x-xss-protection":"0","x-frame-options":"SAMEORIGIN","x-content-type-options":"nosniff","alt-svc":"h3-29=\":443\"; ma=2592000,h3-T051=\":443\"; ma=2592000,h3-Q050=\":443\"; ma=2592000,h3-Q046=\":443\"; ma=2592000,h3-Q043=\":443\"; ma=2592000,quic=\":443\"; ma=2592000; v=\"46,43\"","accept-ranges":"none","transfer-encoding":"chunked"}
[debug] [2021-02-21T03:50:31.977Z] >>> HTTP REQUEST POST https://cloudresourcemanager.googleapis.com/v1/projects/nangfatravel-1486099402149:testIamPermissions  
 {"permissions":["firebase.projects.get","firebasehosting.sites.update"]}
